<?xml version="1.0" encoding="UTF-8"?>
<!-- Generated by org.testng.reporters.JUnitReportReporter -->
<testsuite hostname="DESKTOP-LL0VOUT" failures="0" tests="1" name="Remotetesting.Dockervalidation.DockerSetup" time="28.192" errors="0" timestamp="2021-08-06T14:06:28 PDT" skipped="0">
  <testcase classname="Remotetesting.Dockervalidation.DockerSetup" name="start" time="28.192"/>
  <system-out/>
</testsuite> <!-- Remotetesting.Dockervalidation.DockerSetup -->
