<?xml version="1.0" encoding="UTF-8"?>
<!-- Generated by org.testng.reporters.JUnitReportReporter -->
<testsuite hostname="DESKTOP-LL0VOUT" failures="0" tests="1" name="Remotetesting.Dockervalidation.ChromeTest1" time="11.510" errors="0" timestamp="2021-08-06T17:48:49 PDT" skipped="0">
  <testcase classname="Remotetesting.Dockervalidation.ChromeTest1" name="test1" time="11.510"/>
  <system-out/>
</testsuite> <!-- Remotetesting.Dockervalidation.ChromeTest1 -->
